<?xml version="1.0" encoding="UTF-8"?>
<!-- Generated by org.testng.reporters.JUnitReportReporter -->
<testsuite hostname="Ajays-MBP" failures="0" tests="1" name="com.parameter.Testyahoo" time="29.387" errors="0" timestamp="2023-02-08T11:55:38 AEDT" skipped="0">
  <testcase classname="com.parameter.Testyahoo" name="YahooLoginTest" time="29.387"/>
  <system-out/>
</testsuite> <!-- com.parameter.Testyahoo -->
